# Logfile created on Tue Oct 15 16:01:04 -0300 2019  [4;36;1mSQL (0.2ms)[0m   [0;1mSET NAMES 'utf8'[0m
  [4;35;1mSQL (0.1ms)[0m   [0mSET SQL_AUTO_IS_NULL=0[0m


Processing HomeController#index (for 127.0.0.1 at 2019-10-15 16:01:06) [GET]
  [4;36;1mUser Columns (0.7ms)[0m   [0;1mSHOW FIELDS FROM `users`[0m
  [4;35;1mUser Load (0.3ms)[0m   [0mSELECT * FROM `users` WHERE (`users`.`id` = 2) LIMIT 1[0m
Rendering template within layouts/application
Rendering home/index
  [4;36;1mInformativo Load (0.4ms)[0m   [0;1mSELECT * FROM `informativos` WHERE (starts_at <= '2019-10-15 19:01:06' AND ends_at >= '2019-10-15 19:01:06') [0m
  [4;35;1mroles_users Columns (0.7ms)[0m   [0mSHOW FIELDS FROM `roles_users`[0m
  [4;36;1mRole Load (0.2ms)[0m   [0;1mSELECT * FROM `roles` INNER JOIN `roles_users` ON `roles`.id = `roles_users`.role_id WHERE (`roles_users`.user_id = 2 ) [0m
  [4;35;1mRole Columns (0.8ms)[0m   [0mSHOW FIELDS FROM `roles`[0m
  [4;36;1mUnidade Columns (0.8ms)[0m   [0;1mSHOW FIELDS FROM `unidades`[0m
  [4;35;1mUnidade Load (0.1ms)[0m   [0mSELECT * FROM `unidades` WHERE (`unidades`.`id` = 52) [0m
Completed in 227ms (View: 198, DB: 4) | 200 OK [http://localhost/]
  [4;36;1mSQL (0.1ms)[0m   [0;1mSET NAMES 'utf8'[0m
  [4;35;1mSQL (0.1ms)[0m   [0mSET SQL_AUTO_IS_NULL=0[0m


Processing CriancasController#recadastrar_consultas (for 127.0.0.1 at 2019-10-15 16:01:12) [GET]
  [4;36;1mUser Columns (1.3ms)[0m   [0;1mSHOW FIELDS FROM `users`[0m
  [4;35;1mUser Load (0.3ms)[0m   [0mSELECT * FROM `users` WHERE (`users`.`id` = 2) LIMIT 1[0m
  [4;36;1mUnidade Load (0.2ms)[0m   [0;1mSELECT * FROM `unidades` WHERE ((tipo = 3 or tipo = 1 or tipo = 7 or tipo = 8) AND ativo = 1) ORDER BY nome[0m
  [4;35;1mCACHE (0.0ms)[0m   [0mSELECT * FROM `unidades` WHERE ((tipo = 3 or tipo = 1 or tipo = 7 or tipo = 8) AND ativo = 1) ORDER BY nome[0m
  [4;36;1mUnidade Load (0.1ms)[0m   [0;1mSELECT * FROM `unidades` WHERE ((tipo = 3 or tipo = 1 or tipo = 7 or tipo = 8) and (id not between 70 and 83) and (id <> 54) AND ativo = 1) ORDER BY nome[0m
  [4;35;1mGrupo Load (0.2ms)[0m   [0mSELECT * FROM `grupos` ORDER BY nome[0m
  [4;36;1mGrupo Load (0.1ms)[0m   [0;1mSELECT * FROM `grupos` WHERE (id <> 3) ORDER BY nome[0m
  [4;35;1mRegiao Load (0.2ms)[0m   [0mSELECT * FROM `regiaos` ORDER BY nome[0m
  [4;36;1mCACHE (0.0ms)[0m   [0;1mSELECT * FROM `unidades` WHERE ((tipo = 3 or tipo = 1 or tipo = 7 or tipo = 8) AND ativo = 1) ORDER BY nome[0m
  [4;35;1mCACHE (0.0ms)[0m   [0mSELECT * FROM `unidades` WHERE ((tipo = 3 or tipo = 1 or tipo = 7 or tipo = 8) AND ativo = 1) ORDER BY nome[0m
  [4;36;1mCACHE (0.0ms)[0m   [0;1mSELECT * FROM `unidades` WHERE ((tipo = 3 or tipo = 1 or tipo = 7 or tipo = 8) and (id not between 70 and 83) and (id <> 54) AND ativo = 1) ORDER BY nome[0m
  [4;35;1mCrianca Load (217.7ms)[0m   [0mSELECT * FROM `criancas` ORDER BY nome ASC[0m
  [4;36;1mCrianca Load (0.3ms)[0m   [0;1mSELECT distinct(status) FROM `criancas` ORDER BY nome ASC[0m
Rendering template within layouts/application
Rendering criancas/recadastrar_consultas
  [4;35;1mCrianca Load (3.6ms)[0m   [0mSELECT * FROM `criancas` WHERE (status = 'NA_DEMANDA' AND recadastrada = 0) ORDER BY nome ASC, unidade_id ASC[0m
  [4;36;1mCrianca Columns (1.2ms)[0m   [0;1mSHOW FIELDS FROM `criancas`[0m
  [4;35;1mInformativo Load (0.4ms)[0m   [0mSELECT * FROM `informativos` WHERE (starts_at <= '2019-10-15 19:01:14' AND ends_at >= '2019-10-15 19:01:14') [0m
  [4;36;1mroles_users Columns (0.7ms)[0m   [0;1mSHOW FIELDS FROM `roles_users`[0m
  [4;35;1mRole Load (0.1ms)[0m   [0mSELECT * FROM `roles` INNER JOIN `roles_users` ON `roles`.id = `roles_users`.role_id WHERE (`roles_users`.user_id = 2 ) [0m
  [4;36;1mRole Columns (0.4ms)[0m   [0;1mSHOW FIELDS FROM `roles`[0m
  [4;35;1mUnidade Columns (0.7ms)[0m   [0mSHOW FIELDS FROM `unidades`[0m
  [4;36;1mUnidade Load (0.1ms)[0m   [0;1mSELECT * FROM `unidades` WHERE (`unidades`.`id` = 52) [0m
Completed in 1801ms (View: 443, DB: 228) | 200 OK [http://localhost/recadastrar_consultas]
  [4;35;1mSQL (0.1ms)[0m   [0mSET NAMES 'utf8'[0m
  [4;36;1mSQL (0.0ms)[0m   [0;1mSET SQL_AUTO_IS_NULL=0[0m


Processing CriancasController#recadastrar_crianca (for 127.0.0.1 at 2019-10-15 16:01:17) [POST]
  Parameters: {"crianca_id"=>"12162", "authenticity_token"=>"7cj+LhE06WqbdCfoX7Pzmf8FMKryKwldRqU8r2mT1/4="}
  [4;35;1mUser Columns (0.7ms)[0m   [0mSHOW FIELDS FROM `users`[0m
  [4;36;1mUser Load (0.1ms)[0m   [0;1mSELECT * FROM `users` WHERE (`users`.`id` = 2) LIMIT 1[0m
  [4;35;1mUnidade Load (0.2ms)[0m   [0mSELECT * FROM `unidades` WHERE ((tipo = 3 or tipo = 1 or tipo = 7 or tipo = 8) AND ativo = 1) ORDER BY nome[0m
  [4;36;1mCACHE (0.0ms)[0m   [0;1mSELECT * FROM `unidades` WHERE ((tipo = 3 or tipo = 1 or tipo = 7 or tipo = 8) AND ativo = 1) ORDER BY nome[0m
  [4;35;1mUnidade Load (0.1ms)[0m   [0mSELECT * FROM `unidades` WHERE ((tipo = 3 or tipo = 1 or tipo = 7 or tipo = 8) and (id not between 70 and 83) and (id <> 54) AND ativo = 1) ORDER BY nome[0m
  [4;36;1mGrupo Load (0.2ms)[0m   [0;1mSELECT * FROM `grupos` ORDER BY nome[0m
  [4;35;1mGrupo Load (0.1ms)[0m   [0mSELECT * FROM `grupos` WHERE (id <> 3) ORDER BY nome[0m
  [4;36;1mRegiao Load (0.2ms)[0m   [0;1mSELECT * FROM `regiaos` ORDER BY nome[0m
  [4;35;1mCACHE (0.0ms)[0m   [0mSELECT * FROM `unidades` WHERE ((tipo = 3 or tipo = 1 or tipo = 7 or tipo = 8) AND ativo = 1) ORDER BY nome[0m
  [4;36;1mCACHE (0.0ms)[0m   [0;1mSELECT * FROM `unidades` WHERE ((tipo = 3 or tipo = 1 or tipo = 7 or tipo = 8) AND ativo = 1) ORDER BY nome[0m
  [4;35;1mCACHE (0.0ms)[0m   [0mSELECT * FROM `unidades` WHERE ((tipo = 3 or tipo = 1 or tipo = 7 or tipo = 8) and (id not between 70 and 83) and (id <> 54) AND ativo = 1) ORDER BY nome[0m
  [4;36;1mCrianca Load (203.3ms)[0m   [0;1mSELECT * FROM `criancas` ORDER BY nome ASC[0m
  [4;35;1mCrianca Load (0.3ms)[0m   [0mSELECT distinct(status) FROM `criancas` ORDER BY nome ASC[0m
  [4;36;1mCrianca Load (0.3ms)[0m   [0;1mSELECT * FROM `criancas` WHERE (id ='12162') ORDER BY nome ASC[0m
  [4;35;1mCrianca Columns (2.1ms)[0m   [0mSHOW FIELDS FROM `criancas`[0m
  [4;36;1mGrupo Columns (1.4ms)[0m   [0;1mSHOW FIELDS FROM `grupos`[0m
  [4;35;1mGrupo Load (0.2ms)[0m   [0mSELECT * FROM `grupos` WHERE (`grupos`.`id` = 1) [0m
  [4;36;1mUnidade Columns (1.3ms)[0m   [0;1mSHOW FIELDS FROM `unidades`[0m
  [4;35;1mUnidade Load (0.2ms)[0m   [0mSELECT * FROM `unidades` WHERE (`unidades`.`id` = 9) [0m
Rendered criancas/_recadastrar_criancas (19.8ms)
Completed in 1857ms (View: 18, DB: 211) | 200 OK [http://localhost/criancas/recadastrar_crianca]
  [4;36;1mSQL (0.2ms)[0m   [0;1mSET NAMES 'utf8'[0m
  [4;35;1mSQL (0.1ms)[0m   [0mSET SQL_AUTO_IS_NULL=0[0m


Processing CriancasController#recadastrar (for 127.0.0.1 at 2019-10-15 16:01:21) [POST]
  Parameters: {"authenticity_token"=>"7cj+LhE06WqbdCfoX7Pzmf8FMKryKwldRqU8r2mT1/4=", "id"=>"12162"}
  [4;36;1mUser Columns (0.9ms)[0m   [0;1mSHOW FIELDS FROM `users`[0m
  [4;35;1mUser Load (0.1ms)[0m   [0mSELECT * FROM `users` WHERE (`users`.`id` = 2) LIMIT 1[0m
  [4;36;1mUnidade Load (0.2ms)[0m   [0;1mSELECT * FROM `unidades` WHERE ((tipo = 3 or tipo = 1 or tipo = 7 or tipo = 8) AND ativo = 1) ORDER BY nome[0m
  [4;35;1mCACHE (0.0ms)[0m   [0mSELECT * FROM `unidades` WHERE ((tipo = 3 or tipo = 1 or tipo = 7 or tipo = 8) AND ativo = 1) ORDER BY nome[0m
  [4;36;1mUnidade Load (0.1ms)[0m   [0;1mSELECT * FROM `unidades` WHERE ((tipo = 3 or tipo = 1 or tipo = 7 or tipo = 8) and (id not between 70 and 83) and (id <> 54) AND ativo = 1) ORDER BY nome[0m
  [4;35;1mGrupo Load (0.2ms)[0m   [0mSELECT * FROM `grupos` ORDER BY nome[0m
  [4;36;1mGrupo Load (0.1ms)[0m   [0;1mSELECT * FROM `grupos` WHERE (id <> 3) ORDER BY nome[0m
  [4;35;1mRegiao Load (0.1ms)[0m   [0mSELECT * FROM `regiaos` ORDER BY nome[0m
  [4;36;1mCACHE (0.0ms)[0m   [0;1mSELECT * FROM `unidades` WHERE ((tipo = 3 or tipo = 1 or tipo = 7 or tipo = 8) AND ativo = 1) ORDER BY nome[0m
  [4;35;1mCACHE (0.0ms)[0m   [0mSELECT * FROM `unidades` WHERE ((tipo = 3 or tipo = 1 or tipo = 7 or tipo = 8) AND ativo = 1) ORDER BY nome[0m
  [4;36;1mCACHE (0.0ms)[0m   [0;1mSELECT * FROM `unidades` WHERE ((tipo = 3 or tipo = 1 or tipo = 7 or tipo = 8) and (id not between 70 and 83) and (id <> 54) AND ativo = 1) ORDER BY nome[0m
  [4;35;1mCrianca Load (213.4ms)[0m   [0mSELECT * FROM `criancas` ORDER BY nome ASC[0m
  [4;36;1mCrianca Load (0.2ms)[0m   [0;1mSELECT distinct(status) FROM `criancas` ORDER BY nome ASC[0m
  [4;35;1mCrianca Columns (0.9ms)[0m   [0mSHOW FIELDS FROM `criancas`[0m
  [4;36;1mCrianca Load (0.1ms)[0m   [0;1mSELECT * FROM `criancas` WHERE (`criancas`.`id` = 12162) [0m
Rendering template within layouts/application
Rendering criancas/recadastrar
  [4;35;1mBairro Load (0.2ms)[0m   [0mSELECT * FROM `bairros` WHERE (ativo = 1) ORDER BY nome[0m
  [4;36;1mBairro Columns (0.6ms)[0m   [0;1mSHOW FIELDS FROM `bairros`[0m
  [4;35;1mUnidade Columns (0.7ms)[0m   [0mSHOW FIELDS FROM `unidades`[0m
  [4;36;1mUnidade Load (0.3ms)[0m   [0;1mSELECT * FROM `unidades` WHERE (`unidades`.`id` = 9) [0m
  [4;35;1mUnidade Load (0.2ms)[0m   [0mSELECT * FROM `unidades` WHERE (`unidades`.`id` = 52) [0m
  [4;36;1mObservacaoCrianca Load (0.1ms)[0m   [0;1mSELECT * FROM `observacao_criancas` WHERE (`observacao_criancas`.crianca_id = 12162) [0m
Rendered criancas/_observacoes (3.9ms)
  [4;35;1mVagaCrianca Load (0.1ms)[0m   [0mSELECT * FROM `vaga_criancas` WHERE (`vaga_criancas`.crianca_id = 12162) [0m
Rendered criancas/_vagas (3.9ms)
Rendered criancas/_form_observacao (4.3ms)
Rendered criancas/_form_vaga (5.5ms)
  [4;36;1mInformativo Load (0.4ms)[0m   [0;1mSELECT * FROM `informativos` WHERE (starts_at <= '2019-10-15 19:01:22' AND ends_at >= '2019-10-15 19:01:22') [0m
  [4;35;1mroles_users Columns (5.5ms)[0m   [0mSHOW FIELDS FROM `roles_users`[0m
  [4;36;1mRole Load (0.2ms)[0m   [0;1mSELECT * FROM `roles` INNER JOIN `roles_users` ON `roles`.id = `roles_users`.role_id WHERE (`roles_users`.user_id = 2 ) [0m
  [4;35;1mRole Columns (0.6ms)[0m   [0mSHOW FIELDS FROM `roles`[0m
Completed in 1685ms (View: 236, DB: 226) | 200 OK [http://localhost/criancas/recadastrar?id=12162]
  [4;36;1mSQL (0.1ms)[0m   [0;1mSET NAMES 'utf8'[0m
  [4;35;1mSQL (0.1ms)[0m   [0mSET SQL_AUTO_IS_NULL=0[0m


Processing CriancasController#recadastrar (for 127.0.0.1 at 2019-10-15 16:02:40) [POST]
  Parameters: {"authenticity_token"=>"7cj+LhE06WqbdCfoX7Pzmf8FMKryKwldRqU8r2mT1/4=", "id"=>"12162"}
  [4;36;1mUser Columns (1.0ms)[0m   [0;1mSHOW FIELDS FROM `users`[0m
  [4;35;1mUser Load (0.2ms)[0m   [0mSELECT * FROM `users` WHERE (`users`.`id` = 2) LIMIT 1[0m
  [4;36;1mUnidade Load (0.2ms)[0m   [0;1mSELECT * FROM `unidades` WHERE ((tipo = 3 or tipo = 1 or tipo = 7 or tipo = 8) AND ativo = 1) ORDER BY nome[0m
  [4;35;1mCACHE (0.0ms)[0m   [0mSELECT * FROM `unidades` WHERE ((tipo = 3 or tipo = 1 or tipo = 7 or tipo = 8) AND ativo = 1) ORDER BY nome[0m
  [4;36;1mUnidade Load (0.1ms)[0m   [0;1mSELECT * FROM `unidades` WHERE ((tipo = 3 or tipo = 1 or tipo = 7 or tipo = 8) and (id not between 70 and 83) and (id <> 54) AND ativo = 1) ORDER BY nome[0m
  [4;35;1mGrupo Load (0.4ms)[0m   [0mSELECT * FROM `grupos` ORDER BY nome[0m
  [4;36;1mGrupo Load (0.4ms)[0m   [0;1mSELECT * FROM `grupos` WHERE (id <> 3) ORDER BY nome[0m
  [4;35;1mRegiao Load (0.4ms)[0m   [0mSELECT * FROM `regiaos` ORDER BY nome[0m
  [4;36;1mCACHE (0.0ms)[0m   [0;1mSELECT * FROM `unidades` WHERE ((tipo = 3 or tipo = 1 or tipo = 7 or tipo = 8) AND ativo = 1) ORDER BY nome[0m
  [4;35;1mCACHE (0.0ms)[0m   [0mSELECT * FROM `unidades` WHERE ((tipo = 3 or tipo = 1 or tipo = 7 or tipo = 8) AND ativo = 1) ORDER BY nome[0m
  [4;36;1mCACHE (0.0ms)[0m   [0;1mSELECT * FROM `unidades` WHERE ((tipo = 3 or tipo = 1 or tipo = 7 or tipo = 8) and (id not between 70 and 83) and (id <> 54) AND ativo = 1) ORDER BY nome[0m
  [4;35;1mCrianca Load (214.4ms)[0m   [0mSELECT * FROM `criancas` ORDER BY nome ASC[0m
  [4;36;1mCrianca Load (0.3ms)[0m   [0;1mSELECT distinct(status) FROM `criancas` ORDER BY nome ASC[0m
  [4;35;1mCrianca Columns (2.5ms)[0m   [0mSHOW FIELDS FROM `criancas`[0m
  [4;36;1mCrianca Load (0.2ms)[0m   [0;1mSELECT * FROM `criancas` WHERE (`criancas`.`id` = 12162) [0m
Rendering template within layouts/application
Rendering criancas/recadastrar
  [4;35;1mBairro Load (0.2ms)[0m   [0mSELECT * FROM `bairros` WHERE (ativo = 1) ORDER BY nome[0m
  [4;36;1mBairro Columns (0.6ms)[0m   [0;1mSHOW FIELDS FROM `bairros`[0m
  [4;35;1mUnidade Columns (0.7ms)[0m   [0mSHOW FIELDS FROM `unidades`[0m
  [4;36;1mUnidade Load (0.1ms)[0m   [0;1mSELECT * FROM `unidades` WHERE (`unidades`.`id` = 9) [0m
  [4;35;1mUnidade Load (0.2ms)[0m   [0mSELECT * FROM `unidades` WHERE (`unidades`.`id` = 52) [0m
  [4;36;1mObservacaoCrianca Load (0.2ms)[0m   [0;1mSELECT * FROM `observacao_criancas` WHERE (`observacao_criancas`.crianca_id = 12162) [0m
Rendered criancas/_observacoes (3.6ms)
  [4;35;1mVagaCrianca Load (0.1ms)[0m   [0mSELECT * FROM `vaga_criancas` WHERE (`vaga_criancas`.crianca_id = 12162) [0m
Rendered criancas/_vagas (3.4ms)
Rendered criancas/_form_observacao (3.3ms)
Rendered criancas/_form_vaga (3.5ms)
  [4;36;1mInformativo Load (0.4ms)[0m   [0;1mSELECT * FROM `informativos` WHERE (starts_at <= '2019-10-15 19:02:42' AND ends_at >= '2019-10-15 19:02:42') [0m
  [4;35;1mroles_users Columns (0.6ms)[0m   [0mSHOW FIELDS FROM `roles_users`[0m
  [4;36;1mRole Load (0.1ms)[0m   [0;1mSELECT * FROM `roles` INNER JOIN `roles_users` ON `roles`.id = `roles_users`.role_id WHERE (`roles_users`.user_id = 2 ) [0m
  [4;35;1mRole Columns (0.4ms)[0m   [0mSHOW FIELDS FROM `roles`[0m
Completed in 2294ms (View: 277, DB: 224) | 200 OK [http://localhost/criancas/recadastrar?id=12162]
  [4;36;1mSQL (0.1ms)[0m   [0;1mSET NAMES 'utf8'[0m
  [4;35;1mSQL (0.1ms)[0m   [0mSET SQL_AUTO_IS_NULL=0[0m


Processing CriancasController#recadastrar (for 127.0.0.1 at 2019-10-15 16:03:07) [POST]
  Parameters: {"authenticity_token"=>"7cj+LhE06WqbdCfoX7Pzmf8FMKryKwldRqU8r2mT1/4=", "id"=>"12162"}
  [4;36;1mUser Columns (0.8ms)[0m   [0;1mSHOW FIELDS FROM `users`[0m
  [4;35;1mUser Load (0.1ms)[0m   [0mSELECT * FROM `users` WHERE (`users`.`id` = 2) LIMIT 1[0m
  [4;36;1mUnidade Load (0.2ms)[0m   [0;1mSELECT * FROM `unidades` WHERE ((tipo = 3 or tipo = 1 or tipo = 7 or tipo = 8) AND ativo = 1) ORDER BY nome[0m
  [4;35;1mCACHE (0.0ms)[0m   [0mSELECT * FROM `unidades` WHERE ((tipo = 3 or tipo = 1 or tipo = 7 or tipo = 8) AND ativo = 1) ORDER BY nome[0m
  [4;36;1mUnidade Load (0.1ms)[0m   [0;1mSELECT * FROM `unidades` WHERE ((tipo = 3 or tipo = 1 or tipo = 7 or tipo = 8) and (id not between 70 and 83) and (id <> 54) AND ativo = 1) ORDER BY nome[0m
  [4;35;1mGrupo Load (0.1ms)[0m   [0mSELECT * FROM `grupos` ORDER BY nome[0m
  [4;36;1mGrupo Load (0.1ms)[0m   [0;1mSELECT * FROM `grupos` WHERE (id <> 3) ORDER BY nome[0m
  [4;35;1mRegiao Load (0.2ms)[0m   [0mSELECT * FROM `regiaos` ORDER BY nome[0m
  [4;36;1mCACHE (0.0ms)[0m   [0;1mSELECT * FROM `unidades` WHERE ((tipo = 3 or tipo = 1 or tipo = 7 or tipo = 8) AND ativo = 1) ORDER BY nome[0m
  [4;35;1mCACHE (0.0ms)[0m   [0mSELECT * FROM `unidades` WHERE ((tipo = 3 or tipo = 1 or tipo = 7 or tipo = 8) AND ativo = 1) ORDER BY nome[0m
  [4;36;1mCACHE (0.0ms)[0m   [0;1mSELECT * FROM `unidades` WHERE ((tipo = 3 or tipo = 1 or tipo = 7 or tipo = 8) and (id not between 70 and 83) and (id <> 54) AND ativo = 1) ORDER BY nome[0m
  [4;35;1mCrianca Load (205.1ms)[0m   [0mSELECT * FROM `criancas` ORDER BY nome ASC[0m
  [4;36;1mCrianca Load (0.2ms)[0m   [0;1mSELECT distinct(status) FROM `criancas` ORDER BY nome ASC[0m
  [4;35;1mCrianca Columns (3.6ms)[0m   [0mSHOW FIELDS FROM `criancas`[0m
  [4;36;1mCrianca Load (0.2ms)[0m   [0;1mSELECT * FROM `criancas` WHERE (`criancas`.`id` = 12162) [0m
Rendering template within layouts/application
Rendering criancas/recadastrar
  [4;35;1mBairro Load (0.5ms)[0m   [0mSELECT * FROM `bairros` WHERE (ativo = 1) ORDER BY nome[0m
  [4;36;1mBairro Columns (1.2ms)[0m   [0;1mSHOW FIELDS FROM `bairros`[0m
  [4;35;1mUnidade Columns (1.3ms)[0m   [0mSHOW FIELDS FROM `unidades`[0m
  [4;36;1mUnidade Load (0.1ms)[0m   [0;1mSELECT * FROM `unidades` WHERE (`unidades`.`id` = 9) [0m
  [4;35;1mUnidade Load (0.2ms)[0m   [0mSELECT * FROM `unidades` WHERE (`unidades`.`id` = 52) [0m
  [4;36;1mObservacaoCrianca Load (0.1ms)[0m   [0;1mSELECT * FROM `observacao_criancas` WHERE (`observacao_criancas`.crianca_id = 12162) [0m
Rendered criancas/_observacoes (4.8ms)
  [4;35;1mVagaCrianca Load (0.1ms)[0m   [0mSELECT * FROM `vaga_criancas` WHERE (`vaga_criancas`.crianca_id = 12162) [0m
Rendered criancas/_vagas (3.7ms)
Rendered criancas/_form_observacao (2.7ms)
Rendered criancas/_form_vaga (3.4ms)
  [4;36;1mInformativo Load (0.4ms)[0m   [0;1mSELECT * FROM `informativos` WHERE (starts_at <= '2019-10-15 19:03:09' AND ends_at >= '2019-10-15 19:03:09') [0m
  [4;35;1mroles_users Columns (0.6ms)[0m   [0mSHOW FIELDS FROM `roles_users`[0m
  [4;36;1mRole Load (0.1ms)[0m   [0;1mSELECT * FROM `roles` INNER JOIN `roles_users` ON `roles`.id = `roles_users`.role_id WHERE (`roles_users`.user_id = 2 ) [0m
  [4;35;1mRole Columns (0.3ms)[0m   [0mSHOW FIELDS FROM `roles`[0m
Completed in 2250ms (View: 303, DB: 216) | 200 OK [http://localhost/criancas/recadastrar?id=12162]
  [4;36;1mSQL (0.1ms)[0m   [0;1mSET NAMES 'utf8'[0m
  [4;35;1mSQL (0.1ms)[0m   [0mSET SQL_AUTO_IS_NULL=0[0m


Processing CriancasController#recadastrar (for 127.0.0.1 at 2019-10-15 16:03:35) [POST]
  Parameters: {"authenticity_token"=>"7cj+LhE06WqbdCfoX7Pzmf8FMKryKwldRqU8r2mT1/4=", "id"=>"12162"}
  [4;36;1mUser Columns (0.8ms)[0m   [0;1mSHOW FIELDS FROM `users`[0m
  [4;35;1mUser Load (0.1ms)[0m   [0mSELECT * FROM `users` WHERE (`users`.`id` = 2) LIMIT 1[0m
  [4;36;1mUnidade Load (0.2ms)[0m   [0;1mSELECT * FROM `unidades` WHERE ((tipo = 3 or tipo = 1 or tipo = 7 or tipo = 8) AND ativo = 1) ORDER BY nome[0m
  [4;35;1mCACHE (0.0ms)[0m   [0mSELECT * FROM `unidades` WHERE ((tipo = 3 or tipo = 1 or tipo = 7 or tipo = 8) AND ativo = 1) ORDER BY nome[0m
  [4;36;1mUnidade Load (0.1ms)[0m   [0;1mSELECT * FROM `unidades` WHERE ((tipo = 3 or tipo = 1 or tipo = 7 or tipo = 8) and (id not between 70 and 83) and (id <> 54) AND ativo = 1) ORDER BY nome[0m
  [4;35;1mGrupo Load (0.3ms)[0m   [0mSELECT * FROM `grupos` ORDER BY nome[0m
  [4;36;1mGrupo Load (0.1ms)[0m   [0;1mSELECT * FROM `grupos` WHERE (id <> 3) ORDER BY nome[0m
  [4;35;1mRegiao Load (0.3ms)[0m   [0mSELECT * FROM `regiaos` ORDER BY nome[0m
  [4;36;1mCACHE (0.0ms)[0m   [0;1mSELECT * FROM `unidades` WHERE ((tipo = 3 or tipo = 1 or tipo = 7 or tipo = 8) AND ativo = 1) ORDER BY nome[0m
  [4;35;1mCACHE (0.0ms)[0m   [0mSELECT * FROM `unidades` WHERE ((tipo = 3 or tipo = 1 or tipo = 7 or tipo = 8) AND ativo = 1) ORDER BY nome[0m
  [4;36;1mCACHE (0.0ms)[0m   [0;1mSELECT * FROM `unidades` WHERE ((tipo = 3 or tipo = 1 or tipo = 7 or tipo = 8) and (id not between 70 and 83) and (id <> 54) AND ativo = 1) ORDER BY nome[0m
  [4;35;1mCrianca Load (228.8ms)[0m   [0mSELECT * FROM `criancas` ORDER BY nome ASC[0m
  [4;36;1mCrianca Load (0.2ms)[0m   [0;1mSELECT distinct(status) FROM `criancas` ORDER BY nome ASC[0m
  [4;35;1mCrianca Columns (2.0ms)[0m   [0mSHOW FIELDS FROM `criancas`[0m
  [4;36;1mCrianca Load (0.3ms)[0m   [0;1mSELECT * FROM `criancas` WHERE (`criancas`.`id` = 12162) [0m
Rendering template within layouts/application
Rendering criancas/recadastrar
  [4;35;1mBairro Load (0.3ms)[0m   [0mSELECT * FROM `bairros` WHERE (ativo = 1) ORDER BY nome[0m
  [4;36;1mBairro Columns (1.6ms)[0m   [0;1mSHOW FIELDS FROM `bairros`[0m
  [4;35;1mUnidade Columns (0.8ms)[0m   [0mSHOW FIELDS FROM `unidades`[0m
  [4;36;1mUnidade Load (0.1ms)[0m   [0;1mSELECT * FROM `unidades` WHERE (`unidades`.`id` = 9) [0m
  [4;35;1mUnidade Load (0.2ms)[0m   [0mSELECT * FROM `unidades` WHERE (`unidades`.`id` = 52) [0m
  [4;36;1mObservacaoCrianca Load (0.2ms)[0m   [0;1mSELECT * FROM `observacao_criancas` WHERE (`observacao_criancas`.crianca_id = 12162) [0m
Rendered criancas/_observacoes (3.5ms)
  [4;35;1mVagaCrianca Load (0.3ms)[0m   [0mSELECT * FROM `vaga_criancas` WHERE (`vaga_criancas`.crianca_id = 12162) [0m
Rendered criancas/_vagas (2.8ms)
Rendered criancas/_form_observacao (2.5ms)
Rendered criancas/_form_vaga (3.6ms)
  [4;36;1mInformativo Load (0.6ms)[0m   [0;1mSELECT * FROM `informativos` WHERE (starts_at <= '2019-10-15 19:03:38' AND ends_at >= '2019-10-15 19:03:38') [0m
  [4;35;1mroles_users Columns (1.1ms)[0m   [0mSHOW FIELDS FROM `roles_users`[0m
  [4;36;1mRole Load (0.2ms)[0m   [0;1mSELECT * FROM `roles` INNER JOIN `roles_users` ON `roles`.id = `roles_users`.role_id WHERE (`roles_users`.user_id = 2 ) [0m
  [4;35;1mRole Columns (0.7ms)[0m   [0mSHOW FIELDS FROM `roles`[0m
Completed in 2684ms (View: 63, DB: 239) | 200 OK [http://localhost/criancas/recadastrar?id=12162]
  [4;36;1mSQL (0.1ms)[0m   [0;1mSET NAMES 'utf8'[0m
  [4;35;1mSQL (0.1ms)[0m   [0mSET SQL_AUTO_IS_NULL=0[0m


Processing CriancasController#recadastrar (for 127.0.0.1 at 2019-10-15 16:04:00) [POST]
  Parameters: {"authenticity_token"=>"7cj+LhE06WqbdCfoX7Pzmf8FMKryKwldRqU8r2mT1/4=", "id"=>"12162"}
  [4;36;1mUser Columns (1.6ms)[0m   [0;1mSHOW FIELDS FROM `users`[0m
  [4;35;1mUser Load (0.3ms)[0m   [0mSELECT * FROM `users` WHERE (`users`.`id` = 2) LIMIT 1[0m
  [4;36;1mUnidade Load (0.2ms)[0m   [0;1mSELECT * FROM `unidades` WHERE ((tipo = 3 or tipo = 1 or tipo = 7 or tipo = 8) AND ativo = 1) ORDER BY nome[0m
  [4;35;1mCACHE (0.0ms)[0m   [0mSELECT * FROM `unidades` WHERE ((tipo = 3 or tipo = 1 or tipo = 7 or tipo = 8) AND ativo = 1) ORDER BY nome[0m
  [4;36;1mUnidade Load (0.1ms)[0m   [0;1mSELECT * FROM `unidades` WHERE ((tipo = 3 or tipo = 1 or tipo = 7 or tipo = 8) and (id not between 70 and 83) and (id <> 54) AND ativo = 1) ORDER BY nome[0m
  [4;35;1mGrupo Load (0.2ms)[0m   [0mSELECT * FROM `grupos` ORDER BY nome[0m
  [4;36;1mGrupo Load (0.1ms)[0m   [0;1mSELECT * FROM `grupos` WHERE (id <> 3) ORDER BY nome[0m
  [4;35;1mRegiao Load (4.5ms)[0m   [0mSELECT * FROM `regiaos` ORDER BY nome[0m
  [4;36;1mCACHE (0.0ms)[0m   [0;1mSELECT * FROM `unidades` WHERE ((tipo = 3 or tipo = 1 or tipo = 7 or tipo = 8) AND ativo = 1) ORDER BY nome[0m
  [4;35;1mCACHE (0.0ms)[0m   [0mSELECT * FROM `unidades` WHERE ((tipo = 3 or tipo = 1 or tipo = 7 or tipo = 8) AND ativo = 1) ORDER BY nome[0m
  [4;36;1mCACHE (0.0ms)[0m   [0;1mSELECT * FROM `unidades` WHERE ((tipo = 3 or tipo = 1 or tipo = 7 or tipo = 8) and (id not between 70 and 83) and (id <> 54) AND ativo = 1) ORDER BY nome[0m
  [4;35;1mCrianca Load (208.5ms)[0m   [0mSELECT * FROM `criancas` ORDER BY nome ASC[0m
  [4;36;1mCrianca Load (0.1ms)[0m   [0;1mSELECT distinct(status) FROM `criancas` ORDER BY nome ASC[0m
  [4;35;1mCrianca Columns (1.2ms)[0m   [0mSHOW FIELDS FROM `criancas`[0m
  [4;36;1mCrianca Load (0.1ms)[0m   [0;1mSELECT * FROM `criancas` WHERE (`criancas`.`id` = 12162) [0m
Rendering template within layouts/application
Rendering criancas/recadastrar
  [4;35;1mBairro Load (0.1ms)[0m   [0mSELECT * FROM `bairros` WHERE (ativo = 1) ORDER BY nome[0m
  [4;36;1mBairro Columns (0.5ms)[0m   [0;1mSHOW FIELDS FROM `bairros`[0m
  [4;35;1mUnidade Columns (0.7ms)[0m   [0mSHOW FIELDS FROM `unidades`[0m
  [4;36;1mUnidade Load (0.1ms)[0m   [0;1mSELECT * FROM `unidades` WHERE (`unidades`.`id` = 9) [0m
  [4;35;1mUnidade Load (0.1ms)[0m   [0mSELECT * FROM `unidades` WHERE (`unidades`.`id` = 52) [0m
  [4;36;1mObservacaoCrianca Load (0.1ms)[0m   [0;1mSELECT * FROM `observacao_criancas` WHERE (`observacao_criancas`.crianca_id = 12162) [0m
Rendered criancas/_observacoes (3.6ms)
  [4;35;1mVagaCrianca Load (0.2ms)[0m   [0mSELECT * FROM `vaga_criancas` WHERE (`vaga_criancas`.crianca_id = 12162) [0m
Rendered criancas/_vagas (4.2ms)
Rendered criancas/_form_observacao (2.8ms)
Rendered criancas/_form_vaga (3.7ms)
  [4;36;1mInformativo Load (0.3ms)[0m   [0;1mSELECT * FROM `informativos` WHERE (starts_at <= '2019-10-15 19:04:01' AND ends_at >= '2019-10-15 19:04:01') [0m
  [4;35;1mroles_users Columns (0.7ms)[0m   [0mSHOW FIELDS FROM `roles_users`[0m
  [4;36;1mRole Load (0.1ms)[0m   [0;1mSELECT * FROM `roles` INNER JOIN `roles_users` ON `roles`.id = `roles_users`.role_id WHERE (`roles_users`.user_id = 2 ) [0m
  [4;35;1mRole Columns (0.3ms)[0m   [0mSHOW FIELDS FROM `roles`[0m
Completed in 1625ms (View: 212, DB: 220) | 200 OK [http://localhost/criancas/recadastrar?id=12162]
  [4;36;1mSQL (0.1ms)[0m   [0;1mSET NAMES 'utf8'[0m
  [4;35;1mSQL (0.1ms)[0m   [0mSET SQL_AUTO_IS_NULL=0[0m


Processing CriancasController#recadastrar (for 127.0.0.1 at 2019-10-15 16:04:06) [POST]
  Parameters: {"authenticity_token"=>"7cj+LhE06WqbdCfoX7Pzmf8FMKryKwldRqU8r2mT1/4=", "id"=>"12162"}
  [4;36;1mUser Columns (1.0ms)[0m   [0;1mSHOW FIELDS FROM `users`[0m
  [4;35;1mUser Load (0.2ms)[0m   [0mSELECT * FROM `users` WHERE (`users`.`id` = 2) LIMIT 1[0m
  [4;36;1mUnidade Load (0.1ms)[0m   [0;1mSELECT * FROM `unidades` WHERE ((tipo = 3 or tipo = 1 or tipo = 7 or tipo = 8) AND ativo = 1) ORDER BY nome[0m
  [4;35;1mCACHE (0.0ms)[0m   [0mSELECT * FROM `unidades` WHERE ((tipo = 3 or tipo = 1 or tipo = 7 or tipo = 8) AND ativo = 1) ORDER BY nome[0m
  [4;36;1mUnidade Load (0.3ms)[0m   [0;1mSELECT * FROM `unidades` WHERE ((tipo = 3 or tipo = 1 or tipo = 7 or tipo = 8) and (id not between 70 and 83) and (id <> 54) AND ativo = 1) ORDER BY nome[0m
  [4;35;1mGrupo Load (0.1ms)[0m   [0mSELECT * FROM `grupos` ORDER BY nome[0m
  [4;36;1mGrupo Load (0.1ms)[0m   [0;1mSELECT * FROM `grupos` WHERE (id <> 3) ORDER BY nome[0m
  [4;35;1mRegiao Load (0.1ms)[0m   [0mSELECT * FROM `regiaos` ORDER BY nome[0m
  [4;36;1mCACHE (0.0ms)[0m   [0;1mSELECT * FROM `unidades` WHERE ((tipo = 3 or tipo = 1 or tipo = 7 or tipo = 8) AND ativo = 1) ORDER BY nome[0m
  [4;35;1mCACHE (0.0ms)[0m   [0mSELECT * FROM `unidades` WHERE ((tipo = 3 or tipo = 1 or tipo = 7 or tipo = 8) AND ativo = 1) ORDER BY nome[0m
  [4;36;1mCACHE (0.0ms)[0m   [0;1mSELECT * FROM `unidades` WHERE ((tipo = 3 or tipo = 1 or tipo = 7 or tipo = 8) and (id not between 70 and 83) and (id <> 54) AND ativo = 1) ORDER BY nome[0m
  [4;35;1mCrianca Load (220.7ms)[0m   [0mSELECT * FROM `criancas` ORDER BY nome ASC[0m
  [4;36;1mCrianca Load (0.2ms)[0m   [0;1mSELECT distinct(status) FROM `criancas` ORDER BY nome ASC[0m
  [4;35;1mCrianca Columns (1.0ms)[0m   [0mSHOW FIELDS FROM `criancas`[0m
  [4;36;1mCrianca Load (0.1ms)[0m   [0;1mSELECT * FROM `criancas` WHERE (`criancas`.`id` = 12162) [0m
Rendering template within layouts/application
Rendering criancas/recadastrar
  [4;35;1mBairro Load (0.1ms)[0m   [0mSELECT * FROM `bairros` WHERE (ativo = 1) ORDER BY nome[0m
  [4;36;1mBairro Columns (0.5ms)[0m   [0;1mSHOW FIELDS FROM `bairros`[0m
  [4;35;1mUnidade Columns (0.6ms)[0m   [0mSHOW FIELDS FROM `unidades`[0m
  [4;36;1mUnidade Load (0.1ms)[0m   [0;1mSELECT * FROM `unidades` WHERE (`unidades`.`id` = 9) [0m
  [4;35;1mUnidade Load (0.1ms)[0m   [0mSELECT * FROM `unidades` WHERE (`unidades`.`id` = 52) [0m
  [4;36;1mObservacaoCrianca Load (0.2ms)[0m   [0;1mSELECT * FROM `observacao_criancas` WHERE (`observacao_criancas`.crianca_id = 12162) [0m
Rendered criancas/_observacoes (3.6ms)
  [4;35;1mVagaCrianca Load (0.2ms)[0m   [0mSELECT * FROM `vaga_criancas` WHERE (`vaga_criancas`.crianca_id = 12162) [0m
Rendered criancas/_vagas (4.2ms)
Rendered criancas/_form_observacao (3.1ms)
Rendered criancas/_form_vaga (3.5ms)
  [4;36;1mInformativo Load (0.4ms)[0m   [0;1mSELECT * FROM `informativos` WHERE (starts_at <= '2019-10-15 19:04:09' AND ends_at >= '2019-10-15 19:04:09') [0m
  [4;35;1mroles_users Columns (0.7ms)[0m   [0mSHOW FIELDS FROM `roles_users`[0m
  [4;36;1mRole Load (0.1ms)[0m   [0;1mSELECT * FROM `roles` INNER JOIN `roles_users` ON `roles`.id = `roles_users`.role_id WHERE (`roles_users`.user_id = 2 ) [0m
  [4;35;1mRole Columns (0.4ms)[0m   [0mSHOW FIELDS FROM `roles`[0m
Completed in 2183ms (View: 283, DB: 228) | 200 OK [http://localhost/criancas/recadastrar?id=12162]
